<?xml version="1.0" encoding="UTF-8"?>
<!-- Generated by org.testng.reporters.JUnitReportReporter -->
<testsuite hostname="DESKTOP-9VD0F2C" failures="0" tests="7" name="com.java.TestNG.Class2" time="10.972" errors="0" timestamp="2024-06-21T10:47:06 IST" skipped="0">
  <testcase classname="com.java.TestNG.Class2" name="printTitle" time="0.569"/>
  <testcase classname="com.java.TestNG.Class2" name="printTitle" time="5.095"/>
  <testcase classname="com.java.TestNG.Class2" name="printURL" time="0.084"/>
  <testcase classname="com.java.TestNG.Class2" name="printLinksCount" time="1.858"/>
  <testcase classname="com.java.TestNG.Class2" name="printLinksCount" time="0.041"/>
  <testcase classname="com.java.TestNG.Class2" name="printLinks" time="2.276"/>
  <testcase classname="com.java.TestNG.Class2" name="printLinks" time="1.049"/>
</testsuite> <!-- com.java.TestNG.Class2 -->
