<?xml version="1.0" encoding="UTF-8"?>
<!-- Generated by org.testng.reporters.JUnitReportReporter -->
<testsuite hostname="DESKTOP-9VD0F2C" failures="0" tests="5" name="com.java.TestNG.Training" time="0.127" errors="0" timestamp="2024-06-20T11:27:26 IST" skipped="0">
  <testcase classname="com.java.TestNG.Training" name="batch3" time="0.007"/>
  <testcase classname="com.java.TestNG.Training" name="batch5" time="0.011"/>
  <testcase classname="com.java.TestNG.Training" name="batch1" time="0.055"/>
  <testcase classname="com.java.TestNG.Training" name="batch4" time="0.042"/>
  <testcase classname="com.java.TestNG.Training" name="batch2" time="0.012"/>
</testsuite> <!-- com.java.TestNG.Training -->
