<?xml version="1.0" encoding="UTF-8"?>
<!-- Generated by org.testng.reporters.JUnitReportReporter -->
<testsuite hostname="DESKTOP-9VD0F2C" failures="0" tests="9" name="com.java.TestNG.Class1" time="12.325" errors="0" timestamp="2024-06-21T10:47:06 IST" skipped="0">
  <testcase classname="com.java.TestNG.Class1" name="printTitle" time="0.025"/>
  <testcase classname="com.java.TestNG.Class1" name="printURL" time="0.023"/>
  <testcase classname="com.java.TestNG.Class1" name="printURL" time="0.422"/>
  <testcase classname="com.java.TestNG.Class1" name="printLinksCount" time="0.050"/>
  <testcase classname="com.java.TestNG.Class1" name="printLinksCount" time="0.310"/>
  <testcase classname="com.java.TestNG.Class1" name="printLinks" time="2.972"/>
  <testcase classname="com.java.TestNG.Class1" name="printLinks" time="2.916"/>
  <testcase classname="com.java.TestNG.Class1" name="verfiyLogin" time="0.789"/>
  <testcase classname="com.java.TestNG.Class1" name="verfiyLogin" time="4.818"/>
</testsuite> <!-- com.java.TestNG.Class1 -->
