<?xml version="1.0" encoding="UTF-8"?>
<!-- Generated by org.testng.reporters.JUnitReportReporter -->
<testsuite hostname="DESKTOP-9VD0F2C" failures="0" tests="7" name="com.java.TestNG.Class3" time="33.951" errors="0" timestamp="2024-06-21T10:47:06 IST" skipped="0">
  <testcase classname="com.java.TestNG.Class3" name="printTitle" time="0.051"/>
  <testcase classname="com.java.TestNG.Class3" name="printTitle" time="0.263"/>
  <testcase classname="com.java.TestNG.Class3" name="printURL" time="0.042"/>
  <testcase classname="com.java.TestNG.Class3" name="printURL" time="0.030"/>
  <testcase classname="com.java.TestNG.Class3" name="printLinksCount" time="2.966"/>
  <testcase classname="com.java.TestNG.Class3" name="printLinksCount" time="0.809"/>
  <testcase classname="com.java.TestNG.Class3" name="printLinks" time="29.790"/>
</testsuite> <!-- com.java.TestNG.Class3 -->
