<?xml version="1.0" encoding="UTF-8"?>
<!-- Generated by org.testng.reporters.JUnitReportReporter -->
<testsuite hostname="DESKTOP-9VD0F2C" failures="0" tests="1" name="com.java.TestNG.Testing" time="0.023" errors="0" timestamp="2024-06-20T11:29:06 IST" skipped="0">
  <testcase classname="com.java.TestNG.Testing" name="f" time="0.023"/>
</testsuite> <!-- com.java.TestNG.Testing -->
